INFO :: wrapper :: Brain: 4b5cea2b-c - Generation: 0 Path: [(1, 1), (1, 1), (1, 1), (1, 1), (1, 1), (1, 1), (1, 1), (1, 1), (1, 1), (1, 1), (1, 1), (1, 1), (1, 1), (1, 1), (1, 1), (1, 1), (1, 1), (1, 1), (1, 1), (1, 1), (1, 1), (1, 1)] Fitness: 3.0
INFO :: wrapper :: Brain: f22816c5-c - Generation: 0 Path: [(1, 1), (2, 2), (1, 3), (0, 4)] Fitness: 3.0
INFO :: wrapper :: Brain: 5131ef90-5 - Generation: 0 Path: [(1, 1), (1, 1), (1, 1), (1, 1), (1, 1), (1, 1), (1, 1), (1, 1), (1, 1), (1, 1), (1, 1), (1, 1), (1, 1), (1, 1), (1, 1), (1, 1), (1, 1), (1, 1), (1, 1), (1, 1), (1, 1), (1, 1)] Fitness: 3.0
INFO :: wrapper :: Brain: 09e1cb1b-7 - Generation: 0 Path: [(1, 1), (1, 2), (0, 2), (-1, 3)] Fitness: 3.0
INFO :: wrapper :: Brain: 11c68ad5-f - Generation: 1 Path: [(1, 1), (1, 1), (1, 1), (1, 1), (1, 1), (1, 1), (1, 1), (1, 1), (1, 1), (1, 1), (1, 1), (1, 1), (1, 1), (1, 1), (1, 1), (1, 1), (1, 1), (1, 1), (1, 1), (1, 1), (1, 1), (1, 1)] Fitness: 3.0
INFO :: wrapper :: Brain: 58bc8cfb-c - Generation: 1 Path: [(1, 1), (1, 1), (1, 1), (1, 1), (1, 1), (1, 1), (1, 1), (1, 1), (1, 1), (1, 1), (1, 1), (1, 1), (1, 1), (1, 1), (1, 1), (1, 1), (1, 1), (1, 1), (1, 1), (1, 1), (1, 1), (1, 1)] Fitness: 3.0
INFO :: wrapper :: Brain: 7ad31aee-3 - Generation: 1 Path: [(1, 1), (1, 1), (1, 1), (1, 1), (1, 1), (1, 1), (1, 1), (1, 1), (1, 1), (1, 1), (1, 1), (1, 1), (1, 1), (1, 1), (1, 1), (1, 1), (1, 1), (1, 1), (1, 1), (1, 1), (1, 1), (1, 1)] Fitness: 3.0
INFO :: wrapper :: Brain: 17af8278-a - Generation: 1 Path: [(1, 1), (1, 1), (1, 1), (1, 1), (1, 1), (1, 1), (1, 1), (1, 1), (1, 1), (1, 1), (1, 1), (1, 1), (1, 1), (1, 1), (1, 1), (1, 1), (1, 1), (1, 1), (1, 1), (1, 1), (1, 1), (1, 1)] Fitness: 3.0
INFO :: wrapper :: Brain: aa6ef93f-2 - Generation: 1 Path: [(1, 1), (1, 1), (1, 1), (1, 1), (1, 1), (1, 1), (1, 1), (1, 1), (1, 1), (1, 1), (1, 1), (1, 1), (1, 1), (1, 1), (1, 1), (1, 1), (1, 1), (1, 1), (1, 1), (1, 1), (1, 1), (1, 1)] Fitness: 3.0
INFO :: wrapper :: Brain: d5d73e68-c - Generation: 1 Path: [(1, 1), (1, 1), (1, 1), (1, 1), (1, 1), (1, 1), (1, 1), (1, 1), (1, 1), (1, 1), (1, 1), (1, 1), (1, 1), (1, 1), (1, 1), (1, 1), (1, 1), (1, 1), (1, 1), (1, 1), (1, 1), (1, 1)] Fitness: 3.0
INFO :: wrapper :: Brain: 0f45eb4e-5 - Generation: 1 Path: [(1, 1), (1, 1), (1, 1), (1, 1), (1, 1), (1, 1), (1, 1), (1, 1), (1, 1), (1, 1), (1, 1), (1, 1), (1, 1), (1, 1), (1, 1), (1, 1), (1, 1), (1, 1), (1, 1), (1, 1), (1, 1), (1, 1)] Fitness: 3.0
INFO :: wrapper :: Brain: f891074e-2 - Generation: 1 Path: [(1, 1), (1, 1), (1, 1), (1, 1), (1, 1), (1, 1), (1, 1), (1, 1), (1, 1), (1, 1), (1, 1), (1, 1), (1, 1), (1, 1), (1, 1), (1, 1), (1, 1), (1, 1), (1, 1), (1, 1), (1, 1), (1, 1)] Fitness: 3.0
INFO :: wrapper :: Brain: 6e9f1930-b - Generation: 1 Path: [(1, 1), (2, 2), (1, 3), (0, 4)] Fitness: 3.0
INFO :: wrapper :: Brain: 070d114f-f - Generation: 1 Path: [(1, 1), (1, 1), (1, 1), (1, 1), (1, 1), (1, 1), (1, 1), (1, 1), (1, 1), (1, 1), (1, 1), (1, 1), (1, 1), (1, 1), (1, 1), (1, 1), (1, 1), (1, 1), (1, 1), (1, 1), (1, 1), (1, 1)] Fitness: 3.0
INFO :: wrapper :: Brain: 6690e251-f - Generation: 1 Path: [(1, 1), (1, 2), (1, 3), (2, 3), (3, 3), (3, 3), (3, 3), (3, 3), (3, 3), (3, 3), (3, 3), (3, 3), (3, 3), (3, 3), (3, 3), (3, 3), (3, 3), (3, 3), (3, 3), (3, 3), (3, 3), (3, 3)] Fitness: 3.0
INFO :: wrapper :: Brain: 93e297d6-8 - Generation: 1 Path: [(1, 1), (1, 1), (1, 1), (1, 1), (1, 1), (1, 1), (1, 1), (1, 1), (1, 1), (1, 1), (1, 1), (1, 1), (1, 1), (1, 1), (1, 1), (1, 1), (1, 1), (1, 1), (1, 1), (1, 1), (1, 1), (1, 1)] Fitness: 3.0
INFO :: wrapper :: Brain: 2bea8dea-7 - Generation: 1 Path: [(1, 1), (1, 1), (1, 1), (1, 1), (1, 1), (1, 1), (1, 1), (1, 1), (1, 1), (1, 1), (1, 1), (1, 1), (1, 1), (1, 1), (1, 1), (1, 1), (1, 1), (1, 1), (1, 1), (1, 1), (1, 1), (1, 1)] Fitness: 3.0
INFO :: wrapper :: Brain: c3910be7-f - Generation: 1 Path: [(1, 1), (1, 2), (0, 2), (-1, 3)] Fitness: 3.0
INFO :: wrapper :: Brain: fa8dca52-4 - Generation: 1 Path: [(1, 1), (1, 1), (1, 1), (1, 1), (1, 1), (1, 1), (1, 1), (1, 1), (1, 1), (1, 1), (1, 1), (1, 1), (1, 1), (1, 1), (1, 1), (1, 1), (1, 1), (1, 1), (1, 1), (1, 1), (1, 1), (1, 1)] Fitness: 3.0
INFO :: wrapper :: Brain: 966ee570-5 - Generation: 1 Path: [(1, 1), (1, 1), (1, 1), (1, 1), (1, 1), (1, 1), (1, 1), (1, 1), (1, 1), (1, 1), (1, 1), (1, 1), (1, 1), (1, 1), (1, 1), (1, 1), (1, 1), (1, 1), (1, 1), (1, 1), (1, 1), (1, 1)] Fitness: 3.0
INFO :: wrapper :: Brain: 38e82be0-4 - Generation: 1 Path: [(1, 1), (1, 1), (1, 1), (1, 1), (1, 1), (1, 1), (1, 1), (1, 1), (1, 1), (1, 1), (1, 1), (1, 1), (1, 1), (1, 1), (1, 1), (1, 1), (1, 1), (1, 1), (1, 1), (1, 1), (1, 1), (1, 1)] Fitness: 3.0
INFO :: wrapper :: Brain: 5684818b-5 - Generation: 1 Path: [(1, 1), (1, 1), (1, 1), (1, 1), (1, 1), (1, 1), (1, 1), (1, 1), (1, 1), (1, 1), (1, 1), (1, 1), (1, 1), (1, 1), (1, 1), (1, 1), (1, 1), (1, 1), (1, 1), (1, 1), (1, 1), (1, 1)] Fitness: 3.0
INFO :: wrapper :: Brain: 132dbe84-1 - Generation: 1 Path: [(1, 1), (1, 1), (1, 1), (1, 1), (1, 1), (1, 1), (1, 1), (1, 1), (1, 1), (1, 1), (1, 1), (1, 1), (1, 1), (1, 1), (1, 1), (1, 1), (1, 1), (1, 1), (1, 1), (1, 1), (1, 1), (1, 1)] Fitness: 3.0
INFO :: wrapper :: Brain: 8851fb2d-8 - Generation: 1 Path: [(1, 1), (1, 1), (1, 1), (1, 1), (1, 1), (1, 1), (1, 1), (1, 1), (1, 1), (1, 1), (1, 1), (1, 1), (1, 1), (1, 1), (1, 1), (1, 1), (1, 1), (1, 1), (1, 1), (1, 1), (1, 1), (1, 1)] Fitness: 3.0
INFO :: wrapper :: Brain: f1d84bab-7 - Generation: 1 Path: [(1, 1), (1, 1), (1, 1), (1, 1), (1, 1), (1, 1), (1, 1), (1, 1), (1, 1), (1, 1), (1, 1), (1, 1), (1, 1), (1, 1), (1, 1), (1, 1), (1, 1), (1, 1), (1, 1), (1, 1), (1, 1), (1, 1)] Fitness: 3.0
INFO :: wrapper :: Brain: ad2a4238-a - Generation: 1 Path: [(1, 1), (1, 0), (0, 1), (1, 0), (0, 1), (1, 0), (0, 1), (1, 0), (0, 1), (1, 0), (0, 1), (1, 0), (0, 1), (1, 0), (0, 1), (1, 0), (0, 1), (1, 0), (0, 1), (1, 0), (0, 1), (1, 0)] Fitness: 3.0
INFO :: wrapper :: Brain: 45c7696a-d - Generation: 1 Path: [(1, 1), (1, 1), (1, 1), (1, 1), (1, 1), (1, 1), (1, 1), (1, 1), (1, 1), (1, 1), (1, 1), (1, 1), (1, 1), (1, 1), (1, 1), (1, 1), (1, 1), (1, 1), (1, 1), (1, 1), (1, 1), (1, 1)] Fitness: 3.0
INFO :: wrapper :: Brain: 270df207-0 - Generation: 1 Path: [(1, 1), (1, 1), (1, 1), (1, 1), (1, 1), (1, 1), (1, 1), (1, 1), (1, 1), (1, 1), (1, 1), (1, 1), (1, 1), (1, 1), (1, 1), (1, 1), (1, 1), (1, 1), (1, 1), (1, 1), (1, 1), (1, 1)] Fitness: 3.0
INFO :: wrapper :: Brain: 058e4617-3 - Generation: 1 Path: [(1, 1), (1, 0), (0, 1), (1, 0), (0, 1), (1, 0), (0, 1), (1, 0), (0, 1), (1, 0), (0, 1), (1, 0), (0, 1), (1, 0), (0, 1), (1, 0), (0, 1), (1, 0), (0, 1), (1, 0), (0, 1), (1, 0)] Fitness: 3.0
INFO :: wrapper :: Brain: 540d11fe-6 - Generation: 1 Path: [(1, 1), (1, 1), (1, 1), (1, 1), (1, 1), (1, 1), (1, 1), (1, 1), (1, 1), (1, 1), (1, 1), (1, 1), (1, 1), (1, 1), (1, 1), (1, 1), (1, 1), (1, 1), (1, 1), (1, 1), (1, 1), (1, 1)] Fitness: 3.0
INFO :: wrapper :: Brain: 3f779a4b-9 - Generation: 1 Path: [(1, 1), (1, 1), (1, 1), (1, 1), (1, 1), (1, 1), (1, 1), (1, 1), (1, 1), (1, 1), (1, 1), (1, 1), (1, 1), (1, 1), (1, 1), (1, 1), (1, 1), (1, 1), (1, 1), (1, 1), (1, 1), (1, 1)] Fitness: 3.0
INFO :: wrapper :: Brain: 8dc8c884-c - Generation: 1 Path: [(1, 1), (1, 0), (0, 1), (1, 0), (0, 1), (1, 0), (0, 1), (1, 0), (0, 1), (1, 0), (0, 1), (1, 0), (0, 1), (1, 0), (0, 1), (1, 0), (0, 1), (1, 0), (0, 1), (1, 0), (0, 1), (1, 0)] Fitness: 3.0
INFO :: wrapper :: Brain: 7e2b4ed4-c - Generation: 1 Path: [(1, 1), (1, 1), (1, 1), (1, 1), (1, 1), (1, 1), (1, 1), (1, 1), (1, 1), (1, 1), (1, 1), (1, 1), (1, 1), (1, 1), (1, 1), (1, 1), (1, 1), (1, 1), (1, 1), (1, 1), (1, 1), (1, 1)] Fitness: 3.0
INFO :: wrapper :: Brain: ccb5f390-7 - Generation: 1 Path: [(1, 1), (1, 1), (1, 1), (1, 1), (1, 1), (1, 1), (1, 1), (1, 1), (1, 1), (1, 1), (1, 1), (1, 1), (1, 1), (1, 1), (1, 1), (1, 1), (1, 1), (1, 1), (1, 1), (1, 1), (1, 1), (1, 1)] Fitness: 3.0
INFO :: wrapper :: Brain: 0e9fd91d-8 - Generation: 2 Path: [(1, 1), (1, 2), (1, 3), (2, 3), (3, 3), (3, 3), (3, 3), (3, 3), (3, 3), (3, 3), (3, 3), (3, 3), (3, 3), (3, 3), (3, 3), (3, 3), (3, 3), (3, 3), (3, 3), (3, 3), (3, 3), (3, 3)] Fitness: 3.0
INFO :: wrapper :: Brain: afc33bee-6 - Generation: 2 Path: [(1, 1), (1, 2), (1, 2), (1, 2), (1, 2), (1, 2), (1, 2), (1, 2), (1, 2), (1, 2), (1, 2), (1, 2), (1, 2), (1, 2), (1, 2), (1, 2), (1, 2), (1, 2), (1, 2), (1, 2), (1, 2), (1, 2)] Fitness: 3.0
INFO :: wrapper :: Brain: 7664115c-9 - Generation: 2 Path: [(1, 1), (1, 1), (1, 1), (1, 1), (1, 1), (1, 1), (1, 1), (1, 1), (1, 1), (1, 1), (1, 1), (1, 1), (1, 1), (1, 1), (1, 1), (1, 1), (1, 1), (1, 1), (1, 1), (1, 1), (1, 1), (1, 1)] Fitness: 3.0
INFO :: wrapper :: Brain: e2cc0dbf-7 - Generation: 2 Path: [(1, 1), (1, 2), (1, 3), (2, 3), (3, 3), (3, 3), (3, 3), (3, 3), (3, 3), (3, 3), (3, 3), (3, 3), (3, 3), (3, 3), (3, 3), (3, 3), (3, 3), (3, 3), (3, 3), (3, 3), (3, 3), (3, 3)] Fitness: 3.0
INFO :: wrapper :: Brain: f01b1e86-1 - Generation: 2 Path: [(1, 1), (1, 1), (1, 1), (1, 1), (1, 1), (1, 1), (1, 1), (1, 1), (1, 1), (1, 1), (1, 1), (1, 1), (1, 1), (1, 1), (1, 1), (1, 1), (1, 1), (1, 1), (1, 1), (1, 1), (1, 1), (1, 1)] Fitness: 3.0
INFO :: wrapper :: Brain: 42867b6c-9 - Generation: 2 Path: [(1, 1), (1, 1), (1, 1), (1, 1), (1, 1), (1, 1), (1, 1), (1, 1), (1, 1), (1, 1), (1, 1), (1, 1), (1, 1), (1, 1), (1, 1), (1, 1), (1, 1), (1, 1), (1, 1), (1, 1), (1, 1), (1, 1)] Fitness: 3.0
INFO :: wrapper :: Brain: 441a3de2-d - Generation: 2 Path: [(1, 1), (1, 1), (1, 1), (1, 1), (1, 1), (1, 1), (1, 1), (1, 1), (1, 1), (1, 1), (1, 1), (1, 1), (1, 1), (1, 1), (1, 1), (1, 1), (1, 1), (1, 1), (1, 1), (1, 1), (1, 1), (1, 1)] Fitness: 3.0
INFO :: wrapper :: Brain: 0527f1e8-f - Generation: 2 Path: [(1, 1), (1, 0), (0, 1), (1, 0), (0, 1), (1, 0), (0, 1), (1, 0), (0, 1), (1, 0), (0, 1), (1, 0), (0, 1), (1, 0), (0, 1), (1, 0), (0, 1), (1, 0), (0, 1), (1, 0), (0, 1), (1, 0)] Fitness: 3.0
INFO :: wrapper :: Brain: 96c17075-4 - Generation: 2 Path: [(1, 1), (1, 1), (1, 1), (1, 1), (1, 1), (1, 1), (1, 1), (1, 1), (1, 1), (1, 1), (1, 1), (1, 1), (1, 1), (1, 1), (1, 1), (1, 1), (1, 1), (1, 1), (1, 1), (1, 1), (1, 1), (1, 1)] Fitness: 3.0
INFO :: wrapper :: Brain: 0a25d322-a - Generation: 2 Path: [(1, 1), (1, 1), (1, 1), (1, 1), (1, 1), (1, 1), (1, 1), (1, 1), (1, 1), (1, 1), (1, 1), (1, 1), (1, 1), (1, 1), (1, 1), (1, 1), (1, 1), (1, 1), (1, 1), (1, 1), (1, 1), (1, 1)] Fitness: 3.0
INFO :: wrapper :: Brain: 514974c2-5 - Generation: 2 Path: [(1, 1), (1, 1), (1, 1), (1, 1), (1, 1), (1, 1), (1, 1), (1, 1), (1, 1), (1, 1), (1, 1), (1, 1), (1, 1), (1, 1), (1, 1), (1, 1), (1, 1), (1, 1), (1, 1), (1, 1), (1, 1), (1, 1)] Fitness: 3.0
INFO :: wrapper :: Brain: c8e95bae-b - Generation: 2 Path: [(1, 1), (2, 2), (1, 3), (0, 4)] Fitness: 3.0
INFO :: wrapper :: Brain: 66163b11-e - Generation: 2 Path: [(1, 1), (2, 2), (1, 3), (0, 4)] Fitness: 3.0
INFO :: wrapper :: Brain: 715ec1c2-1 - Generation: 2 Path: [(1, 1), (1, 2), (1, 3), (2, 3), (3, 3), (3, 3), (3, 3), (3, 3), (3, 3), (3, 3), (3, 3), (3, 3), (3, 3), (3, 3), (3, 3), (3, 3), (3, 3), (3, 3), (3, 3), (3, 3), (3, 3), (3, 3)] Fitness: 3.0
INFO :: wrapper :: Brain: 2d62b149-f - Generation: 2 Path: [(1, 1), (1, 0), (0, 1), (1, 0), (0, 1), (1, 0), (0, 1), (1, 0), (0, 1), (1, 0), (0, 1), (1, 0), (0, 1), (1, 0), (0, 1), (1, 0), (0, 1), (1, 0), (0, 1), (1, 0), (0, 1), (1, 0)] Fitness: 3.0
INFO :: wrapper :: Brain: bdcd11c8-f - Generation: 2 Path: [(1, 1), (1, 2), (1, 3), (2, 3), (3, 3), (3, 3), (3, 3), (3, 3), (3, 3), (3, 3), (3, 3), (3, 3), (3, 3), (3, 3), (3, 3), (3, 3), (3, 3), (3, 3), (3, 3), (3, 3), (3, 3), (3, 3)] Fitness: 3.0
INFO :: wrapper :: Brain: ee8f0876-9 - Generation: 2 Path: [(1, 1), (1, 1), (1, 1), (1, 1), (1, 1), (1, 1), (1, 1), (1, 1), (1, 1), (1, 1), (1, 1), (1, 1), (1, 1), (1, 1), (1, 1), (1, 1), (1, 1), (1, 1), (1, 1), (1, 1), (1, 1), (1, 1)] Fitness: 3.0
INFO :: wrapper :: Brain: 83f4622d-4 - Generation: 2 Path: [(1, 1), (1, 2), (1, 2), (1, 2), (1, 2), (1, 2), (1, 2), (1, 2), (1, 2), (1, 2), (1, 2), (1, 2), (1, 2), (1, 2), (1, 2), (1, 2), (1, 2), (1, 2), (1, 2), (1, 2), (1, 2), (1, 2)] Fitness: 3.0
INFO :: wrapper :: Brain: e8b5d52e-d - Generation: 2 Path: [(1, 1), (1, 0), (0, 1), (1, 0), (0, 1), (1, 0), (0, 1), (1, 0), (0, 1), (1, 0), (0, 1), (1, 0), (0, 1), (1, 0), (0, 1), (1, 0), (0, 1), (1, 0), (0, 1), (1, 0), (0, 1), (1, 0)] Fitness: 3.0
INFO :: wrapper :: Brain: a3be7eac-8 - Generation: 2 Path: [(1, 1), (1, 1), (1, 1), (1, 1), (1, 1), (1, 1), (1, 1), (1, 1), (1, 1), (1, 1), (1, 1), (1, 1), (1, 1), (1, 1), (1, 1), (1, 1), (1, 1), (1, 1), (1, 1), (1, 1), (1, 1), (1, 1)] Fitness: 3.0
INFO :: wrapper :: Brain: 33d49baa-3 - Generation: 2 Path: [(1, 1), (1, 1), (1, 1), (1, 1), (1, 1), (1, 1), (1, 1), (1, 1), (1, 1), (1, 1), (1, 1), (1, 1), (1, 1), (1, 1), (1, 1), (1, 1), (1, 1), (1, 1), (1, 1), (1, 1), (1, 1), (1, 1)] Fitness: 3.0
INFO :: wrapper :: Brain: f8cd63c7-2 - Generation: 2 Path: [(1, 1), (1, 1), (1, 1), (1, 1), (1, 1), (1, 1), (1, 1), (1, 1), (1, 1), (1, 1), (1, 1), (1, 1), (1, 1), (1, 1), (1, 1), (1, 1), (1, 1), (1, 1), (1, 1), (1, 1), (1, 1), (1, 1)] Fitness: 3.0
INFO :: wrapper :: Brain: ce44867c-9 - Generation: 2 Path: [(1, 1), (2, 2), (1, 3), (0, 4)] Fitness: 3.0
INFO :: wrapper :: Brain: f9886d52-1 - Generation: 2 Path: [(1, 1), (1, 2), (1, 3), (2, 3), (3, 3), (3, 3), (3, 3), (3, 3), (3, 3), (3, 3), (3, 3), (3, 3), (3, 3), (3, 3), (3, 3), (3, 3), (3, 3), (3, 3), (3, 3), (3, 3), (3, 3), (3, 3)] Fitness: 3.0
INFO :: wrapper :: Brain: 41c3a7e7-7 - Generation: 2 Path: [(1, 1), (1, 1), (1, 1), (1, 1), (1, 1), (1, 1), (1, 1), (1, 1), (1, 1), (1, 1), (1, 1), (1, 1), (1, 1), (1, 1), (1, 1), (1, 1), (1, 1), (1, 1), (1, 1), (1, 1), (1, 1), (1, 1)] Fitness: 3.0
INFO :: wrapper :: Brain: e550c80f-e - Generation: 2 Path: [(1, 1), (1, 2), (1, 2), (1, 2), (1, 2), (1, 2), (1, 2), (1, 2), (1, 2), (1, 2), (1, 2), (1, 2), (1, 2), (1, 2), (1, 2), (1, 2), (1, 2), (1, 2), (1, 2), (1, 2), (1, 2), (1, 2)] Fitness: 3.0
INFO :: wrapper :: Brain: 269a526b-c - Generation: 2 Path: [(1, 1), (1, 1), (1, 1), (1, 1), (1, 1), (1, 1), (1, 1), (1, 1), (1, 1), (1, 1), (1, 1), (1, 1), (1, 1), (1, 1), (1, 1), (1, 1), (1, 1), (1, 1), (1, 1), (1, 1), (1, 1), (1, 1)] Fitness: 3.0
INFO :: wrapper :: Brain: 1a3bcabb-2 - Generation: 2 Path: [(1, 1), (2, 2), (1, 3), (0, 4)] Fitness: 3.0
INFO :: wrapper :: Brain: 549f9ded-c - Generation: 2 Path: [(1, 1), (1, 1), (1, 1), (1, 1), (1, 1), (1, 1), (1, 1), (1, 1), (1, 1), (1, 1), (1, 1), (1, 1), (1, 1), (1, 1), (1, 1), (1, 1), (1, 1), (1, 1), (1, 1), (1, 1), (1, 1), (1, 1)] Fitness: 3.0
INFO :: wrapper :: Brain: 3e63561c-8 - Generation: 2 Path: [(1, 1), (1, 1), (1, 1), (1, 1), (1, 1), (1, 1), (1, 1), (1, 1), (1, 1), (1, 1), (1, 1), (1, 1), (1, 1), (1, 1), (1, 1), (1, 1), (1, 1), (1, 1), (1, 1), (1, 1), (1, 1), (1, 1)] Fitness: 3.0
INFO :: wrapper :: Brain: 9b0d8c95-3 - Generation: 3 Path: [(1, 1), (1, 1), (1, 1), (1, 1), (1, 1), (1, 1), (1, 1), (1, 1), (1, 1), (1, 1), (1, 1), (1, 1), (1, 1), (1, 1), (1, 1), (1, 1), (1, 1), (1, 1), (1, 1), (1, 1), (1, 1), (1, 1)] Fitness: 3.0
INFO :: wrapper :: Brain: 3b21bf01-6 - Generation: 3 Path: [(1, 1), (1, 1), (1, 1), (1, 1), (1, 1), (1, 1), (1, 1), (1, 1), (1, 1), (1, 1), (1, 1), (1, 1), (1, 1), (1, 1), (1, 1), (1, 1), (1, 1), (1, 1), (1, 1), (1, 1), (1, 1), (1, 1)] Fitness: 3.0
INFO :: wrapper :: Brain: 9d788358-1 - Generation: 3 Path: [(1, 1), (1, 1), (1, 1), (1, 1), (1, 1), (1, 1), (1, 1), (1, 1), (1, 1), (1, 1), (1, 1), (1, 1), (1, 1), (1, 1), (1, 1), (1, 1), (1, 1), (1, 1), (1, 1), (1, 1), (1, 1), (1, 1)] Fitness: 3.0
INFO :: wrapper :: Brain: c344e09b-e - Generation: 3 Path: [(1, 1), (1, 1), (1, 1), (1, 1), (1, 1), (1, 1), (1, 1), (1, 1), (1, 1), (1, 1), (1, 1), (1, 1), (1, 1), (1, 1), (1, 1), (1, 1), (1, 1), (1, 1), (1, 1), (1, 1), (1, 1), (1, 1)] Fitness: 3.0
INFO :: wrapper :: Brain: ae84c7e4-7 - Generation: 3 Path: [(1, 1), (1, 2), (1, 2), (1, 2), (1, 2), (1, 2), (1, 2), (1, 2), (1, 2), (1, 2), (1, 2), (1, 2), (1, 2), (1, 2), (1, 2), (1, 2), (1, 2), (1, 2), (1, 2), (1, 2), (1, 2), (1, 2)] Fitness: 3.0
INFO :: wrapper :: Brain: c1001013-1 - Generation: 3 Path: [(1, 1), (1, 1), (1, 1), (1, 1), (1, 1), (1, 1), (1, 1), (1, 1), (1, 1), (1, 1), (1, 1), (1, 1), (1, 1), (1, 1), (1, 1), (1, 1), (1, 1), (1, 1), (1, 1), (1, 1), (1, 1), (1, 1)] Fitness: 3.0
INFO :: wrapper :: Brain: d49ac78b-a - Generation: 3 Path: [(1, 1), (1, 2), (1, 3), (2, 3), (3, 3), (3, 3), (3, 3), (3, 3), (3, 3), (3, 3), (3, 3), (3, 3), (3, 3), (3, 3), (3, 3), (3, 3), (3, 3), (3, 3), (3, 3), (3, 3), (3, 3), (3, 3)] Fitness: 3.0
INFO :: wrapper :: Brain: 580ded75-5 - Generation: 3 Path: [(1, 1), (1, 1), (1, 1), (1, 1), (1, 1), (1, 1), (1, 1), (1, 1), (1, 1), (1, 1), (1, 1), (1, 1), (1, 1), (1, 1), (1, 1), (1, 1), (1, 1), (1, 1), (1, 1), (1, 1), (1, 1), (1, 1)] Fitness: 3.0
INFO :: wrapper :: Brain: 3adc9ade-1 - Generation: 3 Path: [(1, 1), (1, 2), (1, 3), (2, 3), (3, 3), (3, 3), (3, 3), (3, 3), (3, 3), (3, 3), (3, 3), (3, 3), (3, 3), (3, 3), (3, 3), (3, 3), (3, 3), (3, 3), (3, 3), (3, 3), (3, 3), (3, 3)] Fitness: 3.0
INFO :: wrapper :: Brain: 36eb122b-4 - Generation: 3 Path: [(1, 1), (1, 2), (1, 3), (2, 3), (3, 3), (3, 3), (3, 3), (3, 3), (3, 3), (3, 3), (3, 3), (3, 3), (3, 3), (3, 3), (3, 3), (3, 3), (3, 3), (3, 3), (3, 3), (3, 3), (3, 3), (3, 3)] Fitness: 3.0
INFO :: wrapper :: Brain: 2b380afd-9 - Generation: 3 Path: [(1, 1), (1, 1), (1, 1), (1, 1), (1, 1), (1, 1), (1, 1), (1, 1), (1, 1), (1, 1), (1, 1), (1, 1), (1, 1), (1, 1), (1, 1), (1, 1), (1, 1), (1, 1), (1, 1), (1, 1), (1, 1), (1, 1)] Fitness: 3.0
INFO :: wrapper :: Brain: 2358200c-b - Generation: 3 Path: [(1, 1), (1, 1), (1, 1), (1, 1), (1, 1), (1, 1), (1, 1), (1, 1), (1, 1), (1, 1), (1, 1), (1, 1), (1, 1), (1, 1), (1, 1), (1, 1), (1, 1), (1, 1), (1, 1), (1, 1), (1, 1), (1, 1)] Fitness: 3.0
INFO :: wrapper :: Brain: b5fc4c4b-9 - Generation: 3 Path: [(1, 1), (1, 2), (1, 3), (2, 3), (3, 3), (3, 3), (3, 3), (3, 3), (3, 3), (3, 3), (3, 3), (3, 3), (3, 3), (3, 3), (3, 3), (3, 3), (3, 3), (3, 3), (3, 3), (3, 3), (3, 3), (3, 3)] Fitness: 3.0
INFO :: wrapper :: Brain: 56bfa917-0 - Generation: 3 Path: [(1, 1), (1, 0), (0, 1), (1, 0), (0, 1), (1, 0), (0, 1), (1, 0), (0, 1), (1, 0), (0, 1), (1, 0), (0, 1), (1, 0), (0, 1), (1, 0), (0, 1), (1, 0), (0, 1), (1, 0), (0, 1), (1, 0)] Fitness: 3.0
INFO :: wrapper :: Brain: d37d6c9a-d - Generation: 3 Path: [(1, 1), (1, 1), (1, 1), (1, 1), (1, 1), (1, 1), (1, 1), (1, 1), (1, 1), (1, 1), (1, 1), (1, 1), (1, 1), (1, 1), (1, 1), (1, 1), (1, 1), (1, 1), (1, 1), (1, 1), (1, 1), (1, 1)] Fitness: 3.0
INFO :: wrapper :: Brain: 77550f0c-e - Generation: 3 Path: [(1, 1), (1, 2), (1, 2), (1, 2), (1, 2), (1, 2), (1, 2), (1, 2), (1, 2), (1, 2), (1, 2), (1, 2), (1, 2), (1, 2), (1, 2), (1, 2), (1, 2), (1, 2), (1, 2), (1, 2), (1, 2), (1, 2)] Fitness: 3.0
INFO :: wrapper :: Brain: b1a36e19-3 - Generation: 3 Path: [(1, 1), (1, 1), (1, 1), (1, 1), (1, 1), (1, 1), (1, 1), (1, 1), (1, 1), (1, 1), (1, 1), (1, 1), (1, 1), (1, 1), (1, 1), (1, 1), (1, 1), (1, 1), (1, 1), (1, 1), (1, 1), (1, 1)] Fitness: 3.0
INFO :: wrapper :: Brain: f01518d4-c - Generation: 3 Path: [(1, 1), (1, 1), (1, 1), (1, 1), (1, 1), (1, 1), (1, 1), (1, 1), (1, 1), (1, 1), (1, 1), (1, 1), (1, 1), (1, 1), (1, 1), (1, 1), (1, 1), (1, 1), (1, 1), (1, 1), (1, 1), (1, 1)] Fitness: 3.0
INFO :: wrapper :: Brain: ec50ce23-b - Generation: 3 Path: [(1, 1), (1, 1), (1, 1), (1, 1), (1, 1), (1, 1), (1, 1), (1, 1), (1, 1), (1, 1), (1, 1), (1, 1), (1, 1), (1, 1), (1, 1), (1, 1), (1, 1), (1, 1), (1, 1), (1, 1), (1, 1), (1, 1)] Fitness: 3.0
INFO :: wrapper :: Brain: 1b7a176b-6 - Generation: 3 Path: [(1, 1), (1, 1), (1, 1), (1, 1), (1, 1), (1, 1), (1, 1), (1, 1), (1, 1), (1, 1), (1, 1), (1, 1), (1, 1), (1, 1), (1, 1), (1, 1), (1, 1), (1, 1), (1, 1), (1, 1), (1, 1), (1, 1)] Fitness: 3.0
INFO :: wrapper :: Brain: 2c45fa7b-1 - Generation: 3 Path: [(1, 1), (1, 1), (1, 1), (1, 1), (1, 1), (1, 1), (1, 1), (1, 1), (1, 1), (1, 1), (1, 1), (1, 1), (1, 1), (1, 1), (1, 1), (1, 1), (1, 1), (1, 1), (1, 1), (1, 1), (1, 1), (1, 1)] Fitness: 3.0
INFO :: wrapper :: Brain: a9d50fbe-2 - Generation: 3 Path: [(1, 1), (1, 0), (0, 1), (1, 0), (0, 1), (1, 0), (0, 1), (1, 0), (0, 1), (1, 0), (0, 1), (1, 0), (0, 1), (1, 0), (0, 1), (1, 0), (0, 1), (1, 0), (0, 1), (1, 0), (0, 1), (1, 0)] Fitness: 3.0
INFO :: wrapper :: Brain: dbfbdc22-3 - Generation: 3 Path: [(1, 1), (1, 1), (1, 1), (1, 1), (1, 1), (1, 1), (1, 1), (1, 1), (1, 1), (1, 1), (1, 1), (1, 1), (1, 1), (1, 1), (1, 1), (1, 1), (1, 1), (1, 1), (1, 1), (1, 1), (1, 1), (1, 1)] Fitness: 3.0
INFO :: wrapper :: Brain: 00732691-3 - Generation: 3 Path: [(1, 1), (1, 1), (1, 1), (1, 1), (1, 1), (1, 1), (1, 1), (1, 1), (1, 1), (1, 1), (1, 1), (1, 1), (1, 1), (1, 1), (1, 1), (1, 1), (1, 1), (1, 1), (1, 1), (1, 1), (1, 1), (1, 1)] Fitness: 3.0
INFO :: wrapper :: Brain: d3a61926-0 - Generation: 3 Path: [(1, 1), (1, 1), (1, 1), (1, 1), (1, 1), (1, 1), (1, 1), (1, 1), (1, 1), (1, 1), (1, 1), (1, 1), (1, 1), (1, 1), (1, 1), (1, 1), (1, 1), (1, 1), (1, 1), (1, 1), (1, 1), (1, 1)] Fitness: 3.0
INFO :: wrapper :: Brain: b72a664e-f - Generation: 3 Path: [(1, 1), (1, 1), (1, 1), (1, 1), (1, 1), (1, 1), (1, 1), (1, 1), (1, 1), (1, 1), (1, 1), (1, 1), (1, 1), (1, 1), (1, 1), (1, 1), (1, 1), (1, 1), (1, 1), (1, 1), (1, 1), (1, 1)] Fitness: 3.0
INFO :: wrapper :: Brain: dc65301a-1 - Generation: 3 Path: [(1, 1), (1, 1), (1, 1), (1, 1), (1, 1), (1, 1), (1, 1), (1, 1), (1, 1), (1, 1), (1, 1), (1, 1), (1, 1), (1, 1), (1, 1), (1, 1), (1, 1), (1, 1), (1, 1), (1, 1), (1, 1), (1, 1)] Fitness: 3.0
INFO :: wrapper :: Brain: 0ef6d4c2-4 - Generation: 3 Path: [(1, 1), (1, 1), (1, 1), (1, 1), (1, 1), (1, 1), (1, 1), (1, 1), (1, 1), (1, 1), (1, 1), (1, 1), (1, 1), (1, 1), (1, 1), (1, 1), (1, 1), (1, 1), (1, 1), (1, 1), (1, 1), (1, 1)] Fitness: 3.0
INFO :: wrapper :: Brain: f721691b-7 - Generation: 3 Path: [(1, 1), (1, 2), (1, 3), (2, 3), (3, 3), (3, 3), (3, 3), (3, 3), (3, 3), (3, 3), (3, 3), (3, 3), (3, 3), (3, 3), (3, 3), (3, 3), (3, 3), (3, 3), (3, 3), (3, 3), (3, 3), (3, 3)] Fitness: 3.0
INFO :: wrapper :: Brain: 2d254dc1-0 - Generation: 3 Path: [(1, 1), (1, 1), (1, 1), (1, 1), (1, 1), (1, 1), (1, 1), (1, 1), (1, 1), (1, 1), (1, 1), (1, 1), (1, 1), (1, 1), (1, 1), (1, 1), (1, 1), (1, 1), (1, 1), (1, 1), (1, 1), (1, 1)] Fitness: 3.0
INFO :: wrapper :: Brain: 0c2ffb1e-2 - Generation: 4 Path: [(1, 1), (1, 1), (1, 1), (1, 1), (1, 1), (1, 1), (1, 1), (1, 1), (1, 1), (1, 1), (1, 1), (1, 1), (1, 1), (1, 1), (1, 1), (1, 1), (1, 1), (1, 1), (1, 1), (1, 1), (1, 1), (1, 1)] Fitness: 3.0
INFO :: wrapper :: Brain: c1fee7f8-2 - Generation: 4 Path: [(1, 1), (1, 2), (1, 3), (2, 3), (3, 3), (3, 3), (3, 3), (3, 3), (3, 3), (3, 3), (3, 3), (3, 3), (3, 3), (3, 3), (3, 3), (3, 3), (3, 3), (3, 3), (3, 3), (3, 3), (3, 3), (3, 3)] Fitness: 3.0
INFO :: wrapper :: Brain: 37ecc706-a - Generation: 4 Path: [(1, 1), (1, 1), (1, 1), (1, 1), (1, 1), (1, 1), (1, 1), (1, 1), (1, 1), (1, 1), (1, 1), (1, 1), (1, 1), (1, 1), (1, 1), (1, 1), (1, 1), (1, 1), (1, 1), (1, 1), (1, 1), (1, 1)] Fitness: 3.0
INFO :: wrapper :: Brain: 04243f2c-d - Generation: 4 Path: [(1, 1), (1, 1), (1, 1), (1, 1), (1, 1), (1, 1), (1, 1), (1, 1), (1, 1), (1, 1), (1, 1), (1, 1), (1, 1), (1, 1), (1, 1), (1, 1), (1, 1), (1, 1), (1, 1), (1, 1), (1, 1), (1, 1)] Fitness: 3.0
INFO :: wrapper :: Brain: 570771ae-5 - Generation: 4 Path: [(1, 1), (2, 2), (1, 3), (0, 4)] Fitness: 3.0
INFO :: wrapper :: Brain: cf08895b-c - Generation: 4 Path: [(1, 1), (1, 1), (1, 1), (1, 1), (1, 1), (1, 1), (1, 1), (1, 1), (1, 1), (1, 1), (1, 1), (1, 1), (1, 1), (1, 1), (1, 1), (1, 1), (1, 1), (1, 1), (1, 1), (1, 1), (1, 1), (1, 1)] Fitness: 3.0
INFO :: wrapper :: Brain: 6af100c8-b - Generation: 4 Path: [(1, 1), (1, 1), (1, 1), (1, 1), (1, 1), (1, 1), (1, 1), (1, 1), (1, 1), (1, 1), (1, 1), (1, 1), (1, 1), (1, 1), (1, 1), (1, 1), (1, 1), (1, 1), (1, 1), (1, 1), (1, 1), (1, 1)] Fitness: 3.0
INFO :: wrapper :: Brain: bd16e5fa-c - Generation: 4 Path: [(1, 1), (1, 1), (1, 1), (1, 1), (1, 1), (1, 1), (1, 1), (1, 1), (1, 1), (1, 1), (1, 1), (1, 1), (1, 1), (1, 1), (1, 1), (1, 1), (1, 1), (1, 1), (1, 1), (1, 1), (1, 1), (1, 1)] Fitness: 3.0
INFO :: wrapper :: Brain: 9eb1dffc-e - Generation: 4 Path: [(1, 1), (2, 2), (3, 3), (3, 4)] Fitness: 3.0
INFO :: wrapper :: Brain: 1d70cf7d-a - Generation: 4 Path: [(1, 1), (1, 1), (1, 1), (1, 1), (1, 1), (1, 1), (1, 1), (1, 1), (1, 1), (1, 1), (1, 1), (1, 1), (1, 1), (1, 1), (1, 1), (1, 1), (1, 1), (1, 1), (1, 1), (1, 1), (1, 1), (1, 1)] Fitness: 3.0
INFO :: wrapper :: Brain: 265d4061-c - Generation: 4 Path: [(1, 1), (1, 2), (0, 2), (-1, 3)] Fitness: 3.0
INFO :: wrapper :: Brain: e6baf3cf-4 - Generation: 4 Path: [(1, 1), (1, 2), (1, 3), (2, 3), (3, 3), (3, 3), (3, 3), (3, 3), (3, 3), (3, 3), (3, 3), (3, 3), (3, 3), (3, 3), (3, 3), (3, 3), (3, 3), (3, 3), (3, 3), (3, 3), (3, 3), (3, 3)] Fitness: 3.0
INFO :: wrapper :: Brain: 13d63e19-7 - Generation: 4 Path: [(1, 1), (1, 1), (1, 1), (1, 1), (1, 1), (1, 1), (1, 1), (1, 1), (1, 1), (1, 1), (1, 1), (1, 1), (1, 1), (1, 1), (1, 1), (1, 1), (1, 1), (1, 1), (1, 1), (1, 1), (1, 1), (1, 1)] Fitness: 3.0
INFO :: wrapper :: Brain: 06ed5d2d-4 - Generation: 4 Path: [(1, 1), (1, 2), (1, 3), (2, 3), (3, 3), (3, 3), (3, 3), (3, 3), (3, 3), (3, 3), (3, 3), (3, 3), (3, 3), (3, 3), (3, 3), (3, 3), (3, 3), (3, 3), (3, 3), (3, 3), (3, 3), (3, 3)] Fitness: 3.0
INFO :: wrapper :: Brain: bbb60469-7 - Generation: 4 Path: [(1, 1), (1, 1), (1, 1), (1, 1), (1, 1), (1, 1), (1, 1), (1, 1), (1, 1), (1, 1), (1, 1), (1, 1), (1, 1), (1, 1), (1, 1), (1, 1), (1, 1), (1, 1), (1, 1), (1, 1), (1, 1), (1, 1)] Fitness: 3.0
INFO :: wrapper :: Brain: 26fe7687-7 - Generation: 4 Path: [(1, 1), (1, 1), (1, 1), (1, 1), (1, 1), (1, 1), (1, 1), (1, 1), (1, 1), (1, 1), (1, 1), (1, 1), (1, 1), (1, 1), (1, 1), (1, 1), (1, 1), (1, 1), (1, 1), (1, 1), (1, 1), (1, 1)] Fitness: 3.0
INFO :: wrapper :: Brain: 9273b353-2 - Generation: 4 Path: [(1, 1), (1, 1), (1, 1), (1, 1), (1, 1), (1, 1), (1, 1), (1, 1), (1, 1), (1, 1), (1, 1), (1, 1), (1, 1), (1, 1), (1, 1), (1, 1), (1, 1), (1, 1), (1, 1), (1, 1), (1, 1), (1, 1)] Fitness: 3.0
INFO :: wrapper :: Brain: f922fafd-3 - Generation: 4 Path: [(1, 1), (1, 1), (1, 1), (1, 1), (1, 1), (1, 1), (1, 1), (1, 1), (1, 1), (1, 1), (1, 1), (1, 1), (1, 1), (1, 1), (1, 1), (1, 1), (1, 1), (1, 1), (1, 1), (1, 1), (1, 1), (1, 1)] Fitness: 3.0
INFO :: wrapper :: Brain: 723e7776-e - Generation: 4 Path: [(1, 1), (1, 1), (1, 1), (1, 1), (1, 1), (1, 1), (1, 1), (1, 1), (1, 1), (1, 1), (1, 1), (1, 1), (1, 1), (1, 1), (1, 1), (1, 1), (1, 1), (1, 1), (1, 1), (1, 1), (1, 1), (1, 1)] Fitness: 3.0
INFO :: wrapper :: Brain: ca52621e-f - Generation: 4 Path: [(1, 1), (1, 1), (1, 1), (1, 1), (1, 1), (1, 1), (1, 1), (1, 1), (1, 1), (1, 1), (1, 1), (1, 1), (1, 1), (1, 1), (1, 1), (1, 1), (1, 1), (1, 1), (1, 1), (1, 1), (1, 1), (1, 1)] Fitness: 3.0
INFO :: wrapper :: Brain: 2807209b-3 - Generation: 4 Path: [(1, 1), (1, 1), (1, 1), (1, 1), (1, 1), (1, 1), (1, 1), (1, 1), (1, 1), (1, 1), (1, 1), (1, 1), (1, 1), (1, 1), (1, 1), (1, 1), (1, 1), (1, 1), (1, 1), (1, 1), (1, 1), (1, 1)] Fitness: 3.0
INFO :: wrapper :: Brain: c54ac98c-2 - Generation: 4 Path: [(1, 1), (1, 1), (1, 1), (1, 1), (1, 1), (1, 1), (1, 1), (1, 1), (1, 1), (1, 1), (1, 1), (1, 1), (1, 1), (1, 1), (1, 1), (1, 1), (1, 1), (1, 1), (1, 1), (1, 1), (1, 1), (1, 1)] Fitness: 3.0
INFO :: wrapper :: Brain: 1b91e547-6 - Generation: 4 Path: [(1, 1), (1, 1), (1, 1), (1, 1), (1, 1), (1, 1), (1, 1), (1, 1), (1, 1), (1, 1), (1, 1), (1, 1), (1, 1), (1, 1), (1, 1), (1, 1), (1, 1), (1, 1), (1, 1), (1, 1), (1, 1), (1, 1)] Fitness: 3.0
INFO :: wrapper :: Brain: a78a8f33-d - Generation: 4 Path: [(1, 1), (1, 1), (1, 1), (1, 1), (1, 1), (1, 1), (1, 1), (1, 1), (1, 1), (1, 1), (1, 1), (1, 1), (1, 1), (1, 1), (1, 1), (1, 1), (1, 1), (1, 1), (1, 1), (1, 1), (1, 1), (1, 1)] Fitness: 3.0
INFO :: wrapper :: Brain: 5f31d23e-7 - Generation: 4 Path: [(1, 1), (1, 1), (1, 1), (1, 1), (1, 1), (1, 1), (1, 1), (1, 1), (1, 1), (1, 1), (1, 1), (1, 1), (1, 1), (1, 1), (1, 1), (1, 1), (1, 1), (1, 1), (1, 1), (1, 1), (1, 1), (1, 1)] Fitness: 3.0
INFO :: wrapper :: Brain: efd2d77a-9 - Generation: 4 Path: [(1, 1), (1, 1), (1, 1), (1, 1), (1, 1), (1, 1), (1, 1), (1, 1), (1, 1), (1, 1), (1, 1), (1, 1), (1, 1), (1, 1), (1, 1), (1, 1), (1, 1), (1, 1), (1, 1), (1, 1), (1, 1), (1, 1)] Fitness: 3.0
INFO :: wrapper :: Brain: 7a755031-8 - Generation: 4 Path: [(1, 1), (1, 1), (1, 1), (1, 1), (1, 1), (1, 1), (1, 1), (1, 1), (1, 1), (1, 1), (1, 1), (1, 1), (1, 1), (1, 1), (1, 1), (1, 1), (1, 1), (1, 1), (1, 1), (1, 1), (1, 1), (1, 1)] Fitness: 3.0
INFO :: wrapper :: Brain: 667bf300-0 - Generation: 4 Path: [(1, 1), (1, 2), (0, 2), (-1, 3)] Fitness: 3.0
INFO :: wrapper :: Brain: 845942bd-5 - Generation: 4 Path: [(1, 1), (1, 1), (1, 1), (1, 1), (1, 1), (1, 1), (1, 1), (1, 1), (1, 1), (1, 1), (1, 1), (1, 1), (1, 1), (1, 1), (1, 1), (1, 1), (1, 1), (1, 1), (1, 1), (1, 1), (1, 1), (1, 1)] Fitness: 3.0
INFO :: wrapper :: Brain: 837316c2-1 - Generation: 4 Path: [(1, 1), (1, 2), (1, 3), (2, 3), (3, 3), (3, 3), (3, 3), (3, 3), (3, 3), (3, 3), (3, 3), (3, 3), (3, 3), (3, 3), (3, 3), (3, 3), (3, 3), (3, 3), (3, 3), (3, 3), (3, 3), (3, 3)] Fitness: 3.0
